# JRE version: OpenJDK Runtime Environment (8.0_152-b01) (build 1.8.0_152-release-1248-b01)
# Java VM: OpenJDK 64-Bit Server VM (25.152-b01 mixed mode windows-amd64 compressed oops)
Heap:
 PSYoungGen      total 250880K, used 218498K [0x00000000e0000000, 0x00000000f1c80000, 0x0000000100000000)
  eden space 237568K, 86% used [0x00000000e0000000,0x00000000ec866b48,0x00000000ee800000)
  from space 13312K, 99% used [0x00000000f0000000,0x00000000f0cf9f10,0x00000000f0d00000)
  to   space 24576K, 0% used [0x00000000ee800000,0x00000000ee800000,0x00000000f0000000)
 ParOldGen       total 98816K, used 58792K [0x00000000a0000000, 0x00000000a6080000, 0x00000000e0000000)
  object space 98816K, 59% used [0x00000000a0000000,0x00000000a396a0e0,0x00000000a6080000)
 Metaspace       used 77575K, capacity 79916K, committed 80048K, reserved 1118208K
  class space    used 10131K, capacity 10666K, committed 10672K, reserved 1048576K
GC Heap History (10 events):
Event: 46.659 GC heap before
{Heap before GC invocations=15 (full 2):
 PSYoungGen      total 144384K, used 136469K [0x00000000e0000000, 0x00000000e9b80000, 0x0000000100000000)
  eden space 132608K, 100% used [0x00000000e0000000,0x00000000e8180000,0x00000000e8180000)
  from space 11776K, 32% used [0x00000000e9000000,0x00000000e93c54a0,0x00000000e9b80000)
  to   space 13312K, 0% used [0x00000000e8180000,0x00000000e8180000,0x00000000e8e80000)
 ParOldGen       total 65024K, used 25113K [0x00000000a0000000, 0x00000000a3f80000, 0x00000000e0000000)
  object space 65024K, 38% used [0x00000000a0000000,0x00000000a18864d8,0x00000000a3f80000)
 Metaspace       used 54270K, capacity 55408K, committed 55600K, reserved 1097728K
  class space    used 7359K, capacity 7711K, committed 7728K, reserved 1048576K
Event: 46.672 GC heap after
Heap after GC invocations=15 (full 2):
 PSYoungGen      total 145920K, used 10072K [0x00000000e0000000, 0x00000000ed900000, 0x0000000100000000)
  eden space 132608K, 0% used [0x00000000e0000000,0x00000000e0000000,0x00000000e8180000)
  from space 13312K, 75% used [0x00000000e8180000,0x00000000e8b56380,0x00000000e8e80000)
  to   space 13824K, 0% used [0x00000000ecb80000,0x00000000ecb80000,0x00000000ed900000)
 ParOldGen       total 65024K, used 26675K [0x00000000a0000000, 0x00000000a3f80000, 0x00000000e0000000)
  object space 65024K, 41% used [0x00000000a0000000,0x00000000a1a0ccf8,0x00000000a3f80000)
 Metaspace       used 54270K, capacity 55408K, committed 55600K, reserved 1097728K
  class space    used 7359K, capacity 7711K, committed 7728K, reserved 1048576K
}
Event: 47.568 GC heap before
{Heap before GC invocations=16 (full 2):
 PSYoungGen      total 145920K, used 72194K [0x00000000e0000000, 0x00000000ed900000, 0x0000000100000000)
  eden space 132608K, 46% used [0x00000000e0000000,0x00000000e3caa498,0x00000000e8180000)
  from space 13312K, 75% used [0x00000000e8180000,0x00000000e8b56380,0x00000000e8e80000)
  to   space 13824K, 0% used [0x00000000ecb80000,0x00000000ecb80000,0x00000000ed900000)
 ParOldGen       total 65024K, used 26675K [0x00000000a0000000, 0x00000000a3f80000, 0x00000000e0000000)
  object space 65024K, 41% used [0x00000000a0000000,0x00000000a1a0ccf8,0x00000000a3f80000)
 Metaspace       used 57573K, capacity 59110K, committed 59160K, reserved 1099776K
  class space    used 7888K, capacity 8321K, committed 8368K, reserved 1048576K
Event: 47.587 GC heap after
Heap after GC invocations=16 (full 2):
 PSYoungGen      total 208896K, used 6908K [0x00000000e0000000, 0x00000000ed900000, 0x0000000100000000)
  eden space 195072K, 0% used [0x00000000e0000000,0x00000000e0000000,0x00000000ebe80000)
  from space 13824K, 49% used [0x00000000ecb80000,0x00000000ed23f2b0,0x00000000ed900000)
  to   space 13312K, 0% used [0x00000000ebe80000,0x00000000ebe80000,0x00000000ecb80000)
 ParOldGen       total 65024K, used 30388K [0x00000000a0000000, 0x00000000a3f80000, 0x00000000e0000000)
  object space 65024K, 46% used [0x00000000a0000000,0x00000000a1dad1d8,0x00000000a3f80000)
 Metaspace       used 57573K, capacity 59110K, committed 59160K, reserved 1099776K
  class space    used 7888K, capacity 8321K, committed 8368K, reserved 1048576K
}
Event: 47.587 GC heap before
{Heap before GC invocations=17 (full 3):
 PSYoungGen      total 208896K, used 6908K [0x00000000e0000000, 0x00000000ed900000, 0x0000000100000000)
  eden space 195072K, 0% used [0x00000000e0000000,0x00000000e0000000,0x00000000ebe80000)
  from space 13824K, 49% used [0x00000000ecb80000,0x00000000ed23f2b0,0x00000000ed900000)
  to   space 13312K, 0% used [0x00000000ebe80000,0x00000000ebe80000,0x00000000ecb80000)
 ParOldGen       total 65024K, used 30388K [0x00000000a0000000, 0x00000000a3f80000, 0x00000000e0000000)
  object space 65024K, 46% used [0x00000000a0000000,0x00000000a1dad1d8,0x00000000a3f80000)
 Metaspace       used 57573K, capacity 59110K, committed 59160K, reserved 1099776K
  class space    used 7888K, capacity 8321K, committed 8368K, reserved 1048576K
Event: 47.859 GC heap after
Heap after GC invocations=17 (full 3):
 PSYoungGen      total 208896K, used 0K [0x00000000e0000000, 0x00000000ed900000, 0x0000000100000000)
  eden space 195072K, 0% used [0x00000000e0000000,0x00000000e0000000,0x00000000ebe80000)
  from space 13824K, 0% used [0x00000000ecb80000,0x00000000ecb80000,0x00000000ed900000)
  to   space 13312K, 0% used [0x00000000ebe80000,0x00000000ebe80000,0x00000000ecb80000)
 ParOldGen       total 98816K, used 33751K [0x00000000a0000000, 0x00000000a6080000, 0x00000000e0000000)
  object space 98816K, 34% used [0x00000000a0000000,0x00000000a20f5da0,0x00000000a6080000)
 Metaspace       used 57573K, capacity 59110K, committed 59160K, reserved 1099776K
  class space    used 7888K, capacity 8321K, committed 8368K, reserved 1048576K
}
Event: 54.226 GC heap before
{Heap before GC invocations=18 (full 3):
 PSYoungGen      total 208896K, used 195072K [0x00000000e0000000, 0x00000000ed900000, 0x0000000100000000)
  eden space 195072K, 100% used [0x00000000e0000000,0x00000000ebe80000,0x00000000ebe80000)
  from space 13824K, 0% used [0x00000000ecb80000,0x00000000ecb80000,0x00000000ed900000)
  to   space 13312K, 0% used [0x00000000ebe80000,0x00000000ebe80000,0x00000000ecb80000)
 ParOldGen       total 98816K, used 33751K [0x00000000a0000000, 0x00000000a6080000, 0x00000000e0000000)
  object space 98816K, 34% used [0x00000000a0000000,0x00000000a20f5da0,0x00000000a6080000)
 Metaspace       used 61560K, capacity 63088K, committed 63280K, reserved 1103872K
  class space    used 8313K, capacity 8736K, committed 8752K, reserved 1048576K
Event: 54.247 GC heap after
Heap after GC invocations=18 (full 3):
 PSYoungGen      total 208384K, used 9420K [0x00000000e0000000, 0x00000000f0d00000, 0x0000000100000000)
  eden space 195072K, 0% used [0x00000000e0000000,0x00000000e0000000,0x00000000ebe80000)
  from space 13312K, 70% used [0x00000000ebe80000,0x00000000ec7b3148,0x00000000ecb80000)
  to   space 13312K, 0% used [0x00000000f0000000,0x00000000f0000000,0x00000000f0d00000)
 ParOldGen       total 98816K, used 33759K [0x00000000a0000000, 0x00000000a6080000, 0x00000000e0000000)
  object space 98816K, 34% used [0x00000000a0000000,0x00000000a20f7da0,0x00000000a6080000)
 Metaspace       used 61560K, capacity 63088K, committed 63280K, reserved 1103872K
  class space    used 8313K, capacity 8736K, committed 8752K, reserved 1048576K
}
Event: 74.270 GC heap before
{Heap before GC invocations=19 (full 3):
 PSYoungGen      total 208384K, used 204492K [0x00000000e0000000, 0x00000000f0d00000, 0x0000000100000000)
  eden space 195072K, 100% used [0x00000000e0000000,0x00000000ebe80000,0x00000000ebe80000)
  from space 13312K, 70% used [0x00000000ebe80000,0x00000000ec7b3148,0x00000000ecb80000)
  to   space 13312K, 0% used [0x00000000f0000000,0x00000000f0000000,0x00000000f0d00000)
 ParOldGen       total 98816K, used 33759K [0x00000000a0000000, 0x00000000a6080000, 0x00000000e0000000)
  object space 98816K, 34% used [0x00000000a0000000,0x00000000a20f7da0,0x00000000a6080000)
 Metaspace       used 68239K, capacity 69898K, committed 70192K, reserved 1110016K
  class space    used 9020K, capacity 9485K, committed 9520K, reserved 1048576K
Event: 74.315 GC heap after
Heap after GC invocations=19 (full 3):
 PSYoungGen      total 250880K, used 13287K [0x00000000e0000000, 0x00000000f1c80000, 0x0000000100000000)
  eden space 237568K, 0% used [0x00000000e0000000,0x00000000e0000000,0x00000000ee800000)
  from space 13312K, 99% used [0x00000000f0000000,0x00000000f0cf9f10,0x00000000f0d00000)
  to   space 24576K, 0% used [0x00000000ee800000,0x00000000ee800000,0x00000000f0000000)
 ParOldGen       total 98816K, used 58792K [0x00000000a0000000, 0x00000000a6080000, 0x00000000e0000000)
  object space 98816K, 59% used [0x00000000a0000000,0x00000000a396a0e0,0x00000000a6080000)
 Metaspace       used 68239K, capacity 69898K, committed 70192K, reserved 1110016K
  class space    used 9020K, capacity 9485K, committed 9520K, reserved 1048576K
}

